<?xml version="1.0" encoding="UTF-8"?>
<!-- Generated by org.testng.reporters.JUnitXMLReporter -->
<testsuite ignored="0" hostname="DESKTOP-GFNBTHN" failures="0" tests="4" name="Test" time="0.021" errors="0" timestamp="2020-12-17T15:24:22 EST">
  <testcase classname="qaclickacademy.Mavenjava.RestAPITest" name="deleteTwitter" time="0.002"/>
  <testcase classname="qaclickacademy.Mavenjava.RestAPITest" name="postJira" time="0.0"/>
  <testcase classname="qaclickacademy.Mavenjava.SeleniumTest" name="BrowserAutomation" time="0.0"/>
  <testcase classname="qaclickacademy.Mavenjava.SeleniumTest" name="elementsUi" time="0.0"/>
</testsuite> <!-- Test -->
