<?xml version="1.0" encoding="UTF-8"?>
<testng-results ignored="0" total="4" passed="4" failed="0" skipped="0">
  <reporter-output>
  </reporter-output>
  <suite started-at="2020-12-17T15:24:21 EST" name="Suite" finished-at="2020-12-17T15:24:22 EST" duration-ms="21">
    <groups>
    </groups>
    <test started-at="2020-12-17T15:24:21 EST" name="Test" finished-at="2020-12-17T15:24:22 EST" duration-ms="21">
      <class name="qaclickacademy.Mavenjava.RestAPITest">
        <test-method signature="deleteTwitter()[pri:0, instance:qaclickacademy.Mavenjava.RestAPITest@2cbb3d47]" started-at="2020-12-17T15:24:21 EST" name="deleteTwitter" finished-at="2020-12-17T15:24:21 EST" duration-ms="2" status="PASS">
          <reporter-output>
          </reporter-output>
        </test-method> <!-- deleteTwitter -->
        <test-method signature="postJira()[pri:0, instance:qaclickacademy.Mavenjava.RestAPITest@2cbb3d47]" started-at="2020-12-17T15:24:22 EST" name="postJira" finished-at="2020-12-17T15:24:22 EST" duration-ms="0" status="PASS">
          <reporter-output>
          </reporter-output>
        </test-method> <!-- postJira -->
      </class> <!-- qaclickacademy.Mavenjava.RestAPITest -->
      <class name="qaclickacademy.Mavenjava.SeleniumTest">
        <test-method signature="BrowserAutomation()[pri:0, instance:qaclickacademy.Mavenjava.SeleniumTest@527e5409]" started-at="2020-12-17T15:24:22 EST" name="BrowserAutomation" finished-at="2020-12-17T15:24:22 EST" duration-ms="0" status="PASS">
          <reporter-output>
          </reporter-output>
        </test-method> <!-- BrowserAutomation -->
        <test-method signature="elementsUi()[pri:0, instance:qaclickacademy.Mavenjava.SeleniumTest@527e5409]" started-at="2020-12-17T15:24:22 EST" name="elementsUi" finished-at="2020-12-17T15:24:22 EST" duration-ms="0" status="PASS">
          <reporter-output>
          </reporter-output>
        </test-method> <!-- elementsUi -->
      </class> <!-- qaclickacademy.Mavenjava.SeleniumTest -->
    </test> <!-- Test -->
  </suite> <!-- Suite -->
</testng-results>
